This is XeTeX, Version 3.14159265-2.6-0.99998 (TeX Live 2017/Debian) (preloaded format=xelatex 2019.8.5)  30 OCT 2019 11:56
entering extended mode
 restricted \write18 enabled.
 %&-line parsing enabled.
**Introduccion_Datos.tex
(./Introduccion_Datos.tex
LaTeX2e <2017-04-15>
Babel <3.18> and hyphenation patterns for 84 language(s) loaded.
(/usr/share/texlive/texmf-dist/tex/latex/base/book.cls
Document Class: book 2014/09/29 v1.4h Standard LaTeX document class
(/usr/share/texlive/texmf-dist/tex/latex/base/bk10.clo
File: bk10.clo 2014/09/29 v1.4h Standard LaTeX file (size option)
)
\c@part=\count79
\c@chapter=\count80
\c@section=\count81
\c@subsection=\count82
\c@subsubsection=\count83
\c@paragraph=\count84
\c@subparagraph=\count85
\c@figure=\count86
\c@table=\count87
\abovecaptionskip=\skip41
\belowcaptionskip=\skip42
\bibindent=\dimen102
) (/usr/share/texmf/tex/latex/lm/lmodern.sty
Package: lmodern 2009/10/30 v1.6 Latin Modern Fonts
LaTeX Font Info:    Overwriting symbol font `operators' in version `normal'
(Font)                  OT1/cmr/m/n --> OT1/lmr/m/n on input line 22.
LaTeX Font Info:    Overwriting symbol font `letters' in version `normal'
(Font)                  OML/cmm/m/it --> OML/lmm/m/it on input line 23.
LaTeX Font Info:    Overwriting symbol font `symbols' in version `normal'
(Font)                  OMS/cmsy/m/n --> OMS/lmsy/m/n on input line 24.
LaTeX Font Info:    Overwriting symbol font `largesymbols' in version `normal'
(Font)                  OMX/cmex/m/n --> OMX/lmex/m/n on input line 25.
LaTeX Font Info:    Overwriting symbol font `operators' in version `bold'
(Font)                  OT1/cmr/bx/n --> OT1/lmr/bx/n on input line 26.
LaTeX Font Info:    Overwriting symbol font `letters' in version `bold'
(Font)                  OML/cmm/b/it --> OML/lmm/b/it on input line 27.
LaTeX Font Info:    Overwriting symbol font `symbols' in version `bold'
(Font)                  OMS/cmsy/b/n --> OMS/lmsy/b/n on input line 28.
LaTeX Font Info:    Overwriting symbol font `largesymbols' in version `bold'
(Font)                  OMX/cmex/m/n --> OMX/lmex/m/n on input line 29.
LaTeX Font Info:    Overwriting math alphabet `\mathbf' in version `normal'
(Font)                  OT1/cmr/bx/n --> OT1/lmr/bx/n on input line 31.
LaTeX Font Info:    Overwriting math alphabet `\mathsf' in version `normal'
(Font)                  OT1/cmss/m/n --> OT1/lmss/m/n on input line 32.
LaTeX Font Info:    Overwriting math alphabet `\mathit' in version `normal'
(Font)                  OT1/cmr/m/it --> OT1/lmr/m/it on input line 33.
LaTeX Font Info:    Overwriting math alphabet `\mathtt' in version `normal'
(Font)                  OT1/cmtt/m/n --> OT1/lmtt/m/n on input line 34.
LaTeX Font Info:    Overwriting math alphabet `\mathbf' in version `bold'
(Font)                  OT1/cmr/bx/n --> OT1/lmr/bx/n on input line 35.
LaTeX Font Info:    Overwriting math alphabet `\mathsf' in version `bold'
(Font)                  OT1/cmss/bx/n --> OT1/lmss/bx/n on input line 36.
LaTeX Font Info:    Overwriting math alphabet `\mathit' in version `bold'
(Font)                  OT1/cmr/bx/it --> OT1/lmr/bx/it on input line 37.
LaTeX Font Info:    Overwriting math alphabet `\mathtt' in version `bold'
(Font)                  OT1/cmtt/m/n --> OT1/lmtt/m/n on input line 38.
) (/usr/share/texlive/texmf-dist/tex/latex/amsfonts/amssymb.sty
Package: amssymb 2013/01/14 v3.01 AMS font symbols
(/usr/share/texlive/texmf-dist/tex/latex/amsfonts/amsfonts.sty
Package: amsfonts 2013/01/14 v3.01 Basic AMSFonts support
\@emptytoks=\toks14
\symAMSa=\mathgroup4
\symAMSb=\mathgroup5
LaTeX Font Info:    Overwriting math alphabet `\mathfrak' in version `bold'
(Font)                  U/euf/m/n --> U/euf/b/n on input line 106.
)) (/usr/share/texlive/texmf-dist/tex/latex/amsmath/amsmath.sty
Package: amsmath 2017/09/02 v2.17a AMS math features
\@mathmargin=\skip43
For additional information on amsmath, use the `?' option.
(/usr/share/texlive/texmf-dist/tex/latex/amsmath/amstext.sty
Package: amstext 2000/06/29 v2.01 AMS text
(/usr/share/texlive/texmf-dist/tex/latex/amsmath/amsgen.sty
File: amsgen.sty 1999/11/30 v2.0 generic functions
\@emptytoks=\toks15
\ex@=\dimen103
)) (/usr/share/texlive/texmf-dist/tex/latex/amsmath/amsbsy.sty
Package: amsbsy 1999/11/29 v1.2d Bold Symbols
\pmbraise@=\dimen104
) (/usr/share/texlive/texmf-dist/tex/latex/amsmath/amsopn.sty
Package: amsopn 2016/03/08 v2.02 operator names
)
\inf@bad=\count88
LaTeX Info: Redefining \frac on input line 213.
\uproot@=\count89
\leftroot@=\count90
LaTeX Info: Redefining \overline on input line 375.
\classnum@=\count91
\DOTSCASE@=\count92
LaTeX Info: Redefining \ldots on input line 472.
LaTeX Info: Redefining \dots on input line 475.
LaTeX Info: Redefining \cdots on input line 596.
\Mathstrutbox@=\box26
\strutbox@=\box27
\big@size=\dimen105
LaTeX Font Info:    Redeclaring font encoding OML on input line 712.
LaTeX Font Info:    Redeclaring font encoding OMS on input line 713.
\macc@depth=\count93
\c@MaxMatrixCols=\count94
\dotsspace@=\muskip10
\c@parentequation=\count95
\dspbrk@lvl=\count96
\tag@help=\toks16
\row@=\count97
\column@=\count98
\maxfields@=\count99
\andhelp@=\toks17
\eqnshift@=\dimen106
\alignsep@=\dimen107
\tagshift@=\dimen108
\tagwidth@=\dimen109
\totwidth@=\dimen110
\lineht@=\dimen111
\@envbody=\toks18
\multlinegap=\skip44
\multlinetaggap=\skip45
\mathdisplay@stack=\toks19
LaTeX Info: Redefining \[ on input line 2817.
LaTeX Info: Redefining \] on input line 2818.
) (/usr/share/texlive/texmf-dist/tex/generic/ifxetex/ifxetex.sty
Package: ifxetex 2010/09/12 v0.6 Provides ifxetex conditional
) (/usr/share/texlive/texmf-dist/tex/generic/oberdiek/ifluatex.sty
Package: ifluatex 2016/05/16 v1.4 Provides the ifluatex switch (HO)
Package ifluatex Info: LuaTeX not detected.
) (/usr/share/texlive/texmf-dist/tex/latex/base/fixltx2e.sty
Package: fixltx2e 2016/12/29 v2.1a fixes to LaTeX (obsolete)
Applying: [2015/01/01] Old fixltx2e package on input line 46.

Package fixltx2e Warning: fixltx2e is not required with releases after 2015
(fixltx2e)                All fixes are now in the LaTeX kernel.
(fixltx2e)                See the latexrelease package for details.

Already applied: [0000/00/00] Old fixltx2e package on input line 53.
) (/usr/share/texlive/texmf-dist/tex/xelatex/mathspec/mathspec.sty
Package: mathspec 2016/12/22 v0.2b LaTeX Package (Mathematics font selection fo
r XeLaTeX)
(/usr/share/texlive/texmf-dist/tex/latex/etoolbox/etoolbox.sty
Package: etoolbox 2018/02/11 v2.5e e-TeX tools for LaTeX (JAW)
\etb@tempcnta=\count100
) (/usr/share/texlive/texmf-dist/tex/latex/fontspec/fontspec.sty (/usr/share/te
xlive/texmf-dist/tex/latex/l3packages/xparse/xparse.sty (/usr/share/texlive/tex
mf-dist/tex/latex/l3kernel/expl3.sty
Package: expl3 2018/02/21 L3 programming layer (loader) 
(/usr/share/texlive/texmf-dist/tex/latex/l3kernel/expl3-code.tex
Package: expl3 2018/02/21 L3 programming layer (code)
\c_max_int=\count101
\l_tmpa_int=\count102
\l_tmpb_int=\count103
\g_tmpa_int=\count104
\g_tmpb_int=\count105
\g__intarray_font_int=\count106
\g__prg_map_int=\count107
\c_log_iow=\count108
\l_iow_line_count_int=\count109
\l__iow_line_target_int=\count110
\l__iow_one_indent_int=\count111
\l__iow_indent_int=\count112
\c_zero_dim=\dimen112
\c_max_dim=\dimen113
\l_tmpa_dim=\dimen114
\l_tmpb_dim=\dimen115
\g_tmpa_dim=\dimen116
\g_tmpb_dim=\dimen117
\c_zero_skip=\skip46
\c_max_skip=\skip47
\l_tmpa_skip=\skip48
\l_tmpb_skip=\skip49
\g_tmpa_skip=\skip50
\g_tmpb_skip=\skip51
\c_zero_muskip=\muskip11
\c_max_muskip=\muskip12
\l_tmpa_muskip=\muskip13
\l_tmpb_muskip=\muskip14
\g_tmpa_muskip=\muskip15
\g_tmpb_muskip=\muskip16
\l_keys_choice_int=\count113
\c__fp_leading_shift_int=\count114
\c__fp_middle_shift_int=\count115
\c__fp_trailing_shift_int=\count116
\c__fp_big_leading_shift_int=\count117
\c__fp_big_middle_shift_int=\count118
\c__fp_big_trailing_shift_int=\count119
\c__fp_Bigg_leading_shift_int=\count120
\c__fp_Bigg_middle_shift_int=\count121
\c__fp_Bigg_trailing_shift_int=\count122
\l__sort_length_int=\count123
\l__sort_min_int=\count124
\l__sort_top_int=\count125
\l__sort_max_int=\count126
\l__sort_true_max_int=\count127
\l__sort_block_int=\count128
\l__sort_begin_int=\count129
\l__sort_end_int=\count130
\l__sort_A_int=\count131
\l__sort_B_int=\count132
\l__sort_C_int=\count133
\l__tl_build_start_index_int=\count134
\l__tl_build_index_int=\count135
\l__tl_analysis_normal_int=\count136
\l__tl_analysis_index_int=\count137
\l__tl_analysis_nesting_int=\count138
\l__tl_analysis_type_int=\count139
\l__regex_internal_a_int=\count140
\l__regex_internal_b_int=\count141
\l__regex_internal_c_int=\count142
\l__regex_balance_int=\count143
\l__regex_group_level_int=\count144
\l__regex_mode_int=\count145
\c__regex_cs_in_class_mode_int=\count146
\c__regex_cs_mode_int=\count147
\l__regex_catcodes_int=\count148
\l__regex_default_catcodes_int=\count149
\c__regex_catcode_L_int=\count150
\c__regex_catcode_O_int=\count151
\c__regex_catcode_A_int=\count152
\c__regex_all_catcodes_int=\count153
\l__regex_show_lines_int=\count154
\l__regex_min_state_int=\count155
\l__regex_max_state_int=\count156
\l__regex_left_state_int=\count157
\l__regex_right_state_int=\count158
\l__regex_capturing_group_int=\count159
\l__regex_min_pos_int=\count160
\l__regex_max_pos_int=\count161
\l__regex_curr_pos_int=\count162
\l__regex_start_pos_int=\count163
\l__regex_success_pos_int=\count164
\l__regex_curr_char_int=\count165
\l__regex_curr_catcode_int=\count166
\l__regex_last_char_int=\count167
\l__regex_case_changed_char_int=\count168
\l__regex_curr_state_int=\count169
\l__regex_step_int=\count170
\l__regex_min_active_int=\count171
\l__regex_max_active_int=\count172
\l__regex_replacement_csnames_int=\count173
\l__regex_match_count_int=\count174
\l__regex_min_submatch_int=\count175
\l__regex_submatch_int=\count176
\l__regex_zeroth_submatch_int=\count177
\g__regex_trace_regex_int=\count178
\c_empty_box=\box28
\l_tmpa_box=\box29
\l_tmpb_box=\box30
\g_tmpa_box=\box31
\g_tmpb_box=\box32
\l__box_top_dim=\dimen118
\l__box_bottom_dim=\dimen119
\l__box_left_dim=\dimen120
\l__box_right_dim=\dimen121
\l__box_top_new_dim=\dimen122
\l__box_bottom_new_dim=\dimen123
\l__box_left_new_dim=\dimen124
\l__box_right_new_dim=\dimen125
\l__box_internal_box=\box33
\l__coffin_internal_box=\box34
\l__coffin_internal_dim=\dimen126
\l__coffin_offset_x_dim=\dimen127
\l__coffin_offset_y_dim=\dimen128
\l__coffin_x_dim=\dimen129
\l__coffin_y_dim=\dimen130
\l__coffin_x_prime_dim=\dimen131
\l__coffin_y_prime_dim=\dimen132
\c_empty_coffin=\box35
\l__coffin_aligned_coffin=\box36
\l__coffin_aligned_internal_coffin=\box37
\l_tmpa_coffin=\box38
\l_tmpb_coffin=\box39
\l__coffin_display_coffin=\box40
\l__coffin_display_coord_coffin=\box41
\l__coffin_display_pole_coffin=\box42
\l__coffin_display_offset_dim=\dimen133
\l__coffin_display_x_dim=\dimen134
\l__coffin_display_y_dim=\dimen135
\l__coffin_bounding_shift_dim=\dimen136
\l__coffin_left_corner_dim=\dimen137
\l__coffin_right_corner_dim=\dimen138
\l__coffin_bottom_corner_dim=\dimen139
\l__coffin_top_corner_dim=\dimen140
\l__coffin_scaled_total_height_dim=\dimen141
\l__coffin_scaled_width_dim=\dimen142
) (/usr/share/texlive/texmf-dist/tex/latex/l3kernel/l3xdvipdfmx.def
File: l3xdvidpfmx.def 2017/03/18 v L3 Experimental driver: xdvipdfmx
\g__driver_image_int=\count179
\l__driver_tmp_box=\box43
))
Package: xparse 2018/02/21 L3 Experimental document command parser
\l__xparse_current_arg_int=\count180
\g__xparse_grabber_int=\count181
\l__xparse_m_args_int=\count182
\l__xparse_mandatory_args_int=\count183
\l__xparse_v_nesting_int=\count184
)
Package: fontspec 2017/11/09 v2.6g Font selection for XeLaTeX and LuaLaTeX
(/usr/share/texlive/texmf-dist/tex/latex/fontspec/fontspec-xetex.sty
Package: fontspec-xetex 2017/11/09 v2.6g Font selection for XeLaTeX and LuaLaTe
X
\l__fontspec_script_int=\count185
\l__fontspec_language_int=\count186
\l__fontspec_strnum_int=\count187
\l__fontspec_tmp_int=\count188
\l__fontspec_em_int=\count189
\l__fontspec_emdef_int=\count190
\l__fontspec_strong_int=\count191
\l__fontspec_strongdef_int=\count192
\l__fontspec_tmpa_dim=\dimen143
\l__fontspec_tmpb_dim=\dimen144
\l__fontspec_tmpc_dim=\dimen145
\g__file_internal_ior=\read1
(/usr/share/texlive/texmf-dist/tex/latex/base/fontenc.sty
Package: fontenc 2017/04/05 v2.0i Standard LaTeX package
(/usr/share/texlive/texmf-dist/tex/latex/base/tuenc.def
File: tuenc.def 2017/04/05 v2.0i Standard LaTeX file
LaTeX Font Info:    Redeclaring font encoding TU on input line 82.
))
.................................................
. LaTeX info: "xparse/define-command"
. 
. Defining command \fontspec with sig. 'O{}mO{}' on line 542.
.................................................
.................................................
. LaTeX info: "xparse/define-command"
. 
. Defining command \setmainfont with sig. 'O{}mO{}' on line 546.
.................................................
.................................................
. LaTeX info: "xparse/define-command"
. 
. Defining command \setsansfont with sig. 'O{}mO{}' on line 550.
.................................................
.................................................
. LaTeX info: "xparse/define-command"
. 
. Defining command \setmonofont with sig. 'O{}mO{}' on line 554.
.................................................
.................................................
. LaTeX info: "xparse/define-command"
. 
. Defining command \setmathrm with sig. 'O{}mO{}' on line 558.
.................................................
.................................................
. LaTeX info: "xparse/define-command"
. 
. Defining command \setboldmathrm with sig. 'O{}mO{}' on line 562.
.................................................
.................................................
. LaTeX info: "xparse/define-command"
. 
. Defining command \setmathsf with sig. 'O{}mO{}' on line 566.
.................................................
.................................................
. LaTeX info: "xparse/define-command"
. 
. Defining command \setmathtt with sig. 'O{}mO{}' on line 570.
.................................................
.................................................
. LaTeX info: "xparse/define-command"
. 
. Defining command \setromanfont with sig. 'O{}mO{}' on line 574.
.................................................
.................................................
. LaTeX info: "xparse/define-command"
. 
. Defining command \newfontfamily with sig. 'mO{}mO{}' on line 578.
.................................................
.................................................
. LaTeX info: "xparse/define-command"
. 
. Defining command \newfontface with sig. 'mO{}mO{}' on line 582.
.................................................
.................................................
. LaTeX info: "xparse/define-command"
. 
. Defining command \defaultfontfeatures with sig. 't+om' on line 586.
.................................................
.................................................
. LaTeX info: "xparse/define-command"
. 
. Defining command \addfontfeatures with sig. 'm' on line 590.
.................................................
.................................................
. LaTeX info: "xparse/define-command"
. 
. Defining command \addfontfeature with sig. 'm' on line 594.
.................................................
.................................................
. LaTeX info: "xparse/define-command"
. 
. Defining command \newfontfeature with sig. 'mm' on line 598.
.................................................
.................................................
. LaTeX info: "xparse/define-command"
. 
. Defining command \newAATfeature with sig. 'mmmm' on line 602.
.................................................
.................................................
. LaTeX info: "xparse/define-command"
. 
. Defining command \newopentypefeature with sig. 'mmm' on line 606.
.................................................
.................................................
. LaTeX info: "xparse/define-command"
. 
. Defining command \newICUfeature with sig. 'mmm' on line 610.
.................................................
.................................................
. LaTeX info: "xparse/define-command"
. 
. Defining command \aliasfontfeature with sig. 'mm' on line 614.
.................................................
.................................................
. LaTeX info: "xparse/define-command"
. 
. Defining command \aliasfontfeatureoption with sig. 'mmm' on line 618.
.................................................
.................................................
. LaTeX info: "xparse/define-command"
. 
. Defining command \newfontscript with sig. 'mm' on line 622.
.................................................
.................................................
. LaTeX info: "xparse/define-command"
. 
. Defining command \newfontlanguage with sig. 'mm' on line 626.
.................................................
.................................................
. LaTeX info: "xparse/define-command"
. 
. Defining command \DeclareFontsExtensions with sig. 'm' on line 630.
.................................................
.................................................
. LaTeX info: "xparse/define-command"
. 
. Defining command \IfFontFeatureActiveTF with sig. 'mmm' on line 634.
.................................................
.................................................
. LaTeX info: "xparse/define-command"
. 
. Defining command \EncodingCommand with sig. 'mO{}m' on line 3632.
.................................................
.................................................
. LaTeX info: "xparse/define-command"
. 
. Defining command \EncodingAccent with sig. 'mm' on line 3638.
.................................................
.................................................
. LaTeX info: "xparse/define-command"
. 
. Defining command \EncodingSymbol with sig. 'mm' on line 3644.
.................................................
.................................................
. LaTeX info: "xparse/define-command"
. 
. Defining command \EncodingComposite with sig. 'mmm' on line 3650.
.................................................
.................................................
. LaTeX info: "xparse/define-command"
. 
. Defining command \EncodingCompositeCommand with sig. 'mmm' on line 3656.
.................................................
.................................................
. LaTeX info: "xparse/define-command"
. 
. Defining command \DeclareUnicodeEncoding with sig. 'mm' on line 3681.
.................................................
.................................................
. LaTeX info: "xparse/define-command"
. 
. Defining command \UndeclareSymbol with sig. 'm' on line 3687.
.................................................
.................................................
. LaTeX info: "xparse/define-command"
. 
. Defining command \UndeclareAccent with sig. 'm' on line 3693.
.................................................
.................................................
. LaTeX info: "xparse/define-command"
. 
. Defining command \UndeclareCommand with sig. 'm' on line 3699.
.................................................
.................................................
. LaTeX info: "xparse/define-command"
. 
. Defining command \UndeclareComposite with sig. 'mm' on line 3706.
.................................................
(/usr/share/texlive/texmf-dist/tex/latex/fontspec/fontspec.cfg)
LaTeX Info: Redefining \itshape on input line 3891.
LaTeX Info: Redefining \slshape on input line 3896.
LaTeX Info: Redefining \scshape on input line 3901.
LaTeX Info: Redefining \upshape on input line 3906.
LaTeX Info: Redefining \em on input line 3936.
LaTeX Info: Redefining \emph on input line 3961.
LaTeX Info: Redefining \- on input line 4015.
.................................................
. LaTeX info: "xparse/redefine-command"
. 
. Redefining command \oldstylenums with sig. 'm' on line 4110.
.................................................
.................................................
. LaTeX info: "xparse/define-command"
. 
. Defining command \liningnums with sig. 'm' on line 4114.
.................................................
)) (/usr/share/texlive/texmf-dist/tex/latex/xkeyval/xkeyval.sty
Package: xkeyval 2014/12/03 v2.7a package option processing (HA)
(/usr/share/texlive/texmf-dist/tex/generic/xkeyval/xkeyval.tex (/usr/share/texl
ive/texmf-dist/tex/generic/xkeyval/xkvutils.tex
\XKV@toks=\toks20
\XKV@tempa@toks=\toks21
(/usr/share/texlive/texmf-dist/tex/generic/xkeyval/keyval.tex))
\XKV@depth=\count193
File: xkeyval.tex 2014/12/03 v2.7a key=value parser (HA)
))
\c@eu@=\count194
\c@eu@i=\count195
\c@mkern=\count196
) (/usr/share/texlive/texmf-dist/tex/latex/upquote/upquote.sty
Package: upquote 2012/04/19 v1.3 upright-quote and grave-accent glyphs in verba
tim
(/usr/share/texlive/texmf-dist/tex/latex/base/textcomp.sty
Package: textcomp 2017/04/05 v2.0i Standard LaTeX package
Package textcomp Info: Sub-encoding information:
(textcomp)               5 = only ISO-Adobe without \textcurrency
(textcomp)               4 = 5 + \texteuro
(textcomp)               3 = 4 + \textohm
(textcomp)               2 = 3 + \textestimated + \textcurrency
(textcomp)               1 = TS1 - \textcircled - \t
(textcomp)               0 = TS1 (full)
(textcomp)             Font families with sub-encoding setting implement
(textcomp)             only a restricted character set as indicated.
(textcomp)             Family '?' is the default used for unknown fonts.
(textcomp)             See the documentation for details.
Package textcomp Info: Setting ? sub-encoding to TS1/1 on input line 79.
(/usr/share/texlive/texmf-dist/tex/latex/base/ts1enc.def
File: ts1enc.def 2001/06/05 v3.0e (jk/car/fm) Standard LaTeX file
)
LaTeX Info: Redefining \oldstylenums on input line 334.
Package textcomp Info: Setting cmr sub-encoding to TS1/0 on input line 349.
Package textcomp Info: Setting cmss sub-encoding to TS1/0 on input line 350.
Package textcomp Info: Setting cmtt sub-encoding to TS1/0 on input line 351.
Package textcomp Info: Setting cmvtt sub-encoding to TS1/0 on input line 352.
Package textcomp Info: Setting cmbr sub-encoding to TS1/0 on input line 353.
Package textcomp Info: Setting cmtl sub-encoding to TS1/0 on input line 354.
Package textcomp Info: Setting ccr sub-encoding to TS1/0 on input line 355.
Package textcomp Info: Setting ptm sub-encoding to TS1/4 on input line 356.
Package textcomp Info: Setting pcr sub-encoding to TS1/4 on input line 357.
Package textcomp Info: Setting phv sub-encoding to TS1/4 on input line 358.
Package textcomp Info: Setting ppl sub-encoding to TS1/3 on input line 359.
Package textcomp Info: Setting pag sub-encoding to TS1/4 on input line 360.
Package textcomp Info: Setting pbk sub-encoding to TS1/4 on input line 361.
Package textcomp Info: Setting pnc sub-encoding to TS1/4 on input line 362.
Package textcomp Info: Setting pzc sub-encoding to TS1/4 on input line 363.
Package textcomp Info: Setting bch sub-encoding to TS1/4 on input line 364.
Package textcomp Info: Setting put sub-encoding to TS1/5 on input line 365.
Package textcomp Info: Setting uag sub-encoding to TS1/5 on input line 366.
Package textcomp Info: Setting ugq sub-encoding to TS1/5 on input line 367.
Package textcomp Info: Setting ul8 sub-encoding to TS1/4 on input line 368.
Package textcomp Info: Setting ul9 sub-encoding to TS1/4 on input line 369.
Package textcomp Info: Setting augie sub-encoding to TS1/5 on input line 370.
Package textcomp Info: Setting dayrom sub-encoding to TS1/3 on input line 371.
Package textcomp Info: Setting dayroms sub-encoding to TS1/3 on input line 372.

Package textcomp Info: Setting pxr sub-encoding to TS1/0 on input line 373.
Package textcomp Info: Setting pxss sub-encoding to TS1/0 on input line 374.
Package textcomp Info: Setting pxtt sub-encoding to TS1/0 on input line 375.
Package textcomp Info: Setting txr sub-encoding to TS1/0 on input line 376.
Package textcomp Info: Setting txss sub-encoding to TS1/0 on input line 377.
Package textcomp Info: Setting txtt sub-encoding to TS1/0 on input line 378.
Package textcomp Info: Setting lmr sub-encoding to TS1/0 on input line 379.
Package textcomp Info: Setting lmdh sub-encoding to TS1/0 on input line 380.
Package textcomp Info: Setting lmss sub-encoding to TS1/0 on input line 381.
Package textcomp Info: Setting lmssq sub-encoding to TS1/0 on input line 382.
Package textcomp Info: Setting lmvtt sub-encoding to TS1/0 on input line 383.
Package textcomp Info: Setting lmtt sub-encoding to TS1/0 on input line 384.
Package textcomp Info: Setting qhv sub-encoding to TS1/0 on input line 385.
Package textcomp Info: Setting qag sub-encoding to TS1/0 on input line 386.
Package textcomp Info: Setting qbk sub-encoding to TS1/0 on input line 387.
Package textcomp Info: Setting qcr sub-encoding to TS1/0 on input line 388.
Package textcomp Info: Setting qcs sub-encoding to TS1/0 on input line 389.
Package textcomp Info: Setting qpl sub-encoding to TS1/0 on input line 390.
Package textcomp Info: Setting qtm sub-encoding to TS1/0 on input line 391.
Package textcomp Info: Setting qzc sub-encoding to TS1/0 on input line 392.
Package textcomp Info: Setting qhvc sub-encoding to TS1/0 on input line 393.
Package textcomp Info: Setting futs sub-encoding to TS1/4 on input line 394.
Package textcomp Info: Setting futx sub-encoding to TS1/4 on input line 395.
Package textcomp Info: Setting futj sub-encoding to TS1/4 on input line 396.
Package textcomp Info: Setting hlh sub-encoding to TS1/3 on input line 397.
Package textcomp Info: Setting hls sub-encoding to TS1/3 on input line 398.
Package textcomp Info: Setting hlst sub-encoding to TS1/3 on input line 399.
Package textcomp Info: Setting hlct sub-encoding to TS1/5 on input line 400.
Package textcomp Info: Setting hlx sub-encoding to TS1/5 on input line 401.
Package textcomp Info: Setting hlce sub-encoding to TS1/5 on input line 402.
Package textcomp Info: Setting hlcn sub-encoding to TS1/5 on input line 403.
Package textcomp Info: Setting hlcw sub-encoding to TS1/5 on input line 404.
Package textcomp Info: Setting hlcf sub-encoding to TS1/5 on input line 405.
Package textcomp Info: Setting pplx sub-encoding to TS1/3 on input line 406.
Package textcomp Info: Setting pplj sub-encoding to TS1/3 on input line 407.
Package textcomp Info: Setting ptmx sub-encoding to TS1/4 on input line 408.
Package textcomp Info: Setting ptmj sub-encoding to TS1/4 on input line 409.
)) (/usr/share/texlive/texmf-dist/tex/latex/microtype/microtype.sty
Package: microtype 2018/01/14 v2.7a Micro-typographical refinements (RS)
\MT@toks=\toks22
\MT@count=\count197
LaTeX Info: Redefining \textls on input line 793.
\MT@outer@kern=\dimen146
LaTeX Info: Redefining \textmicrotypecontext on input line 1339.
\MT@listname@count=\count198
(/usr/share/texlive/texmf-dist/tex/latex/microtype/microtype-xetex.def
File: microtype-xetex.def 2018/01/14 v2.7a Definitions specific to xetex (RS)
LaTeX Info: Redefining \lsstyle on input line 256.
)
Package microtype Info: Loading configuration file microtype.cfg.
(/usr/share/texlive/texmf-dist/tex/latex/microtype/microtype.cfg
File: microtype.cfg 2018/01/14 v2.7a microtype main configuration file (RS)
)) (/usr/share/texlive/texmf-dist/tex/latex/hyperref/hyperref.sty
Package: hyperref 2018/02/06 v6.86b Hypertext links for LaTeX
(/usr/share/texlive/texmf-dist/tex/generic/oberdiek/hobsub-hyperref.sty
Package: hobsub-hyperref 2016/05/16 v1.14 Bundle oberdiek, subset hyperref (HO)

(/usr/share/texlive/texmf-dist/tex/generic/oberdiek/hobsub-generic.sty
Package: hobsub-generic 2016/05/16 v1.14 Bundle oberdiek, subset generic (HO)
Package: hobsub 2016/05/16 v1.14 Construct package bundles (HO)
Package: infwarerr 2016/05/16 v1.4 Providing info/warning/error messages (HO)
Package: ltxcmds 2016/05/16 v1.23 LaTeX kernel commands for general use (HO)
Package hobsub Info: Skipping package `ifluatex' (already loaded).
Package: ifvtex 2016/05/16 v1.6 Detect VTeX and its facilities (HO)
Package ifvtex Info: VTeX not detected.
Package: intcalc 2016/05/16 v1.2 Expandable calculations with integers (HO)
Package: ifpdf 2017/03/15 v3.2 Provides the ifpdf switch
Package: etexcmds 2016/05/16 v1.6 Avoid name clashes with e-TeX commands (HO)
Package etexcmds Info: Could not find \expanded.
(etexcmds)             That can mean that you are not using pdfTeX 1.50 or
(etexcmds)             that some package has redefined \expanded.
(etexcmds)             In the latter case, load this package earlier.
Package: kvsetkeys 2016/05/16 v1.17 Key value parser (HO)
Package: kvdefinekeys 2016/05/16 v1.4 Define keys (HO)
Package: pdftexcmds 2018/01/21 v0.26 Utility functions of pdfTeX for LuaTeX (HO
)
Package pdftexcmds Info: LuaTeX not detected.
Package pdftexcmds Info: pdfTeX >= 1.30 not detected.
Package pdftexcmds Info: \pdf@primitive is available.
Package pdftexcmds Info: \pdf@ifprimitive is available.
Package pdftexcmds Info: \pdfdraftmode not found.
Package: pdfescape 2016/05/16 v1.14 Implements pdfTeX's escape features (HO)
Package: bigintcalc 2016/05/16 v1.4 Expandable calculations on big integers (HO
)
Package: bitset 2016/05/16 v1.2 Handle bit-vector datatype (HO)
Package: uniquecounter 2016/05/16 v1.3 Provide unlimited unique counter (HO)
)
Package hobsub Info: Skipping package `hobsub' (already loaded).
Package: letltxmacro 2016/05/16 v1.5 Let assignment for LaTeX macros (HO)
Package: hopatch 2016/05/16 v1.3 Wrapper for package hooks (HO)
Package: xcolor-patch 2016/05/16 xcolor patch
Package: atveryend 2016/05/16 v1.9 Hooks at the very end of document (HO)
Package: atbegshi 2016/06/09 v1.18 At begin shipout hook (HO)
Package: refcount 2016/05/16 v3.5 Data extraction from label references (HO)
Package: hycolor 2016/05/16 v1.8 Color options for hyperref/bookmark (HO)
) (/usr/share/texlive/texmf-dist/tex/latex/oberdiek/auxhook.sty
Package: auxhook 2016/05/16 v1.4 Hooks for auxiliary files (HO)
) (/usr/share/texlive/texmf-dist/tex/latex/oberdiek/kvoptions.sty
Package: kvoptions 2016/05/16 v3.12 Key value format for package options (HO)
)
\@linkdim=\dimen147
\Hy@linkcounter=\count199
\Hy@pagecounter=\count266
(/usr/share/texlive/texmf-dist/tex/latex/hyperref/pd1enc.def
File: pd1enc.def 2018/02/06 v6.86b Hyperref: PDFDocEncoding definition (HO)
)
\Hy@SavedSpaceFactor=\count267
(/usr/share/texlive/texmf-dist/tex/latex/latexconfig/hyperref.cfg
File: hyperref.cfg 2002/06/06 v1.2 hyperref configuration of TeXLive
)
Package hyperref Info: Hyper figures OFF on input line 4509.
Package hyperref Info: Link nesting OFF on input line 4514.
Package hyperref Info: Hyper index ON on input line 4517.
Package hyperref Info: Plain pages OFF on input line 4524.
Package hyperref Info: Backreferencing OFF on input line 4529.
Package hyperref Info: Implicit mode ON; LaTeX internals redefined.
Package hyperref Info: Bookmarks ON on input line 4762.
\c@Hy@tempcnt=\count268
(/usr/share/texlive/texmf-dist/tex/latex/url/url.sty
\Urlmuskip=\muskip17
Package: url 2013/09/16  ver 3.4  Verb mode for urls, etc.
)
LaTeX Info: Redefining \url on input line 5115.
\XeTeXLinkMargin=\dimen148
\Fld@menulength=\count269
\Field@Width=\dimen149
\Fld@charsize=\dimen150
Package hyperref Info: Hyper figures OFF on input line 6369.
Package hyperref Info: Link nesting OFF on input line 6374.
Package hyperref Info: Hyper index ON on input line 6377.
Package hyperref Info: backreferencing OFF on input line 6384.
Package hyperref Info: Link coloring OFF on input line 6389.
Package hyperref Info: Link coloring with OCG OFF on input line 6394.
Package hyperref Info: PDF/A mode OFF on input line 6399.
LaTeX Info: Redefining \ref on input line 6439.
LaTeX Info: Redefining \pageref on input line 6443.
\Hy@abspage=\count270
\c@Item=\count271
\c@Hfootnote=\count272
)
Package hyperref Info: Driver (autodetected): hxetex.
(/usr/share/texlive/texmf-dist/tex/latex/hyperref/hxetex.def
File: hxetex.def 2018/02/06 v6.86b Hyperref driver for XeTeX
(/usr/share/texlive/texmf-dist/tex/latex/hyperref/puenc.def
File: puenc.def 2018/02/06 v6.86b Hyperref: PDF Unicode definition (HO)
) (/usr/share/texlive/texmf-dist/tex/generic/oberdiek/stringenc.sty
Package: stringenc 2016/05/16 v1.11 Convert strings between diff. encodings (HO
)
)
\pdfm@box=\box44
\c@Hy@AnnotLevel=\count273
\HyField@AnnotCount=\count274
\Fld@listcount=\count275
\c@bookmark@seq@number=\count276
(/usr/share/texlive/texmf-dist/tex/latex/oberdiek/rerunfilecheck.sty
Package: rerunfilecheck 2016/05/16 v1.8 Rerun checks for auxiliary files (HO)
Package rerunfilecheck Info: Feature \pdfmdfivesum is not available
(rerunfilecheck)             (e.g. pdfTeX or LuaTeX with package `pdftexcmds').

(rerunfilecheck)             Therefore file contents cannot be checked efficien
tly
(rerunfilecheck)             and the loading of the package is aborted.
)
\Hy@SectionHShift=\skip52
)
Package hyperref Info: Option `unicode' set `true' on input line 29.
(/usr/share/texlive/texmf-dist/tex/generic/oberdiek/se-ascii-print.def
File: se-ascii-print.def 2016/05/16 v1.11 stringenc: Printable ASCII characters

)
Package hyperref Info: Option `breaklinks' set `true' on input line 29.
(/usr/share/texlive/texmf-dist/tex/latex/polyglossia/polyglossia.sty
Package: polyglossia 2015/03/25 v1.42.4 Alternative to Babel for XeLaTeX and Lu
aLaTeX
(/usr/share/texlive/texmf-dist/tex/latex/makecmds/makecmds.sty
Package: makecmds 2009/09/03 v1.0a extra command making commands
)
\xpg@normalclass=\XeTeXcharclass1
) (/usr/share/texlive/texmf-dist/tex/latex/polyglossia/gloss-spanish.ldf
File: gloss-spanish.ldf polyglossia: module for spanish
)
Package polyglossia Info: Default language is spanish.
(/usr/share/texlive/texmf-dist/tex/latex/natbib/natbib.sty
Package: natbib 2010/09/13 8.31b (PWD, AO)
\bibhang=\skip53
\bibsep=\skip54
LaTeX Info: Redefining \cite on input line 694.
\c@NAT@ctr=\count277
) (/usr/share/texlive/texmf-dist/tex/latex/graphics/color.sty
Package: color 2016/07/10 v1.1e Standard LaTeX Color (DPC)
(/usr/share/texlive/texmf-dist/tex/latex/graphics-cfg/color.cfg
File: color.cfg 2016/01/02 v1.6 sample color configuration
)
Package color Info: Driver file: xetex.def on input line 147.
(/usr/share/texlive/texmf-dist/tex/latex/graphics-def/xetex.def
File: xetex.def 2017/06/24 v5.0h Graphics/color driver for xetex
)) (/usr/share/texlive/texmf-dist/tex/latex/fancyvrb/fancyvrb.sty
Package: fancyvrb 2008/02/07

Style option: `fancyvrb' v2.7a, with DG/SPQR fixes, and firstline=lastline fix 
<2008/02/07> (tvz)
\FV@CodeLineNo=\count278
\FV@InFile=\read2
\FV@TabBox=\box45
\c@FancyVerbLine=\count279
\FV@StepNumber=\count280
\FV@OutFile=\write3
) (/usr/share/texlive/texmf-dist/tex/latex/framed/framed.sty
Package: framed 2011/10/22 v 0.96: framed or shaded text with page breaks
\OuterFrameSep=\skip55
\fb@frw=\dimen151
\fb@frh=\dimen152
\FrameRule=\dimen153
\FrameSep=\dimen154
) (/usr/share/texlive/texmf-dist/tex/latex/tools/longtable.sty
Package: longtable 2014/10/28 v4.11 Multi-page Table package (DPC)
\LTleft=\skip56
\LTright=\skip57
\LTpre=\skip58
\LTpost=\skip59
\LTchunksize=\count281
\LTcapwidth=\dimen155
\LT@head=\box46
\LT@firsthead=\box47
\LT@foot=\box48
\LT@lastfoot=\box49
\LT@cols=\count282
\LT@rows=\count283
\c@LT@tables=\count284
\c@LT@chunks=\count285
\LT@p@ftn=\toks23
) (/usr/share/texlive/texmf-dist/tex/latex/booktabs/booktabs.sty
Package: booktabs 2016/04/27 v1.618033 publication quality tables
\heavyrulewidth=\dimen156
\lightrulewidth=\dimen157
\cmidrulewidth=\dimen158
\belowrulesep=\dimen159
\belowbottomsep=\dimen160
\aboverulesep=\dimen161
\abovetopsep=\dimen162
\cmidrulesep=\dimen163
\cmidrulekern=\dimen164
\defaultaddspace=\dimen165
\@cmidla=\count286
\@cmidlb=\count287
\@aboverulesep=\dimen166
\@belowrulesep=\dimen167
\@thisruleclass=\count288
\@lastruleclass=\count289
\@thisrulewidth=\dimen168
) (/usr/share/texlive/texmf-dist/tex/latex/graphics/graphicx.sty
Package: graphicx 2017/06/01 v1.1a Enhanced LaTeX Graphics (DPC,SPQR)
(/usr/share/texlive/texmf-dist/tex/latex/graphics/graphics.sty
Package: graphics 2017/06/25 v1.2c Standard LaTeX Graphics (DPC,SPQR)
(/usr/share/texlive/texmf-dist/tex/latex/graphics/trig.sty
Package: trig 2016/01/03 v1.10 sin cos tan (DPC)
) (/usr/share/texlive/texmf-dist/tex/latex/graphics-cfg/graphics.cfg
File: graphics.cfg 2016/06/04 v1.11 sample graphics configuration
)
Package graphics Info: Driver file: xetex.def on input line 99.
)
\Gin@req@height=\dimen169
\Gin@req@width=\dimen170
) (/usr/share/texlive/texmf-dist/tex/latex/oberdiek/grffile.sty
Package: grffile 2017/06/30 v1.18 Extended file name support for graphics (HO)
Package grffile Info: Option `multidot' is set to `true'.
Package grffile Info: Option `extendedchars' is set to `false'.
Package grffile Info: Option `space' is set to `true'.
Package grffile Info: \Gin@ii of package `graphicx' fixed on input line 494.
) (/usr/share/texlive/texmf-dist/tex/latex/parskip/parskip.sty
Package: parskip 2001/04/09 non-zero parskip adjustments
) (/usr/share/texlive/texmf-dist/tex/latex/titling/titling.sty
Package: titling 2009/09/04 v2.1d maketitle typesetting
\thanksmarkwidth=\skip60
\thanksmargin=\skip61
\droptitle=\skip62
) (/usr/share/texlive/texmf-dist/tex/latex/amscls/amsthm.sty
Package: amsthm 2017/10/31 v2.20.4
\thm@style=\toks24
\thm@bodyfont=\toks25
\thm@headfont=\toks26
\thm@notefont=\toks27
\thm@headpunct=\toks28
\thm@preskip=\skip63
\thm@postskip=\skip64
\thm@headsep=\skip65
\dth@everypar=\toks29
) (/usr/share/texlive/texmf-dist/tex/latex/tools/array.sty
Package: array 2016/10/06 v2.4d Tabular extension package (FMi)
\col@sep=\dimen171
\extrarowheight=\dimen172
\NC@list=\toks30
\extratabsurround=\skip66
\backup@length=\skip67
) (/usr/share/texlive/texmf-dist/tex/latex/multirow/multirow.sty
Package: multirow 2016/11/25 v2.2 Span multiple rows of a table
\multirow@colwidth=\skip68
\multirow@cntb=\count290
\multirow@dima=\skip69
\bigstrutjot=\dimen173
) (/usr/share/texlive/texmf-dist/tex/latex/wrapfig/wrapfig.sty
\wrapoverhang=\dimen174
\WF@size=\dimen175
\c@WF@wrappedlines=\count291
\WF@box=\box50
\WF@everypar=\toks31
Package: wrapfig 2003/01/31  v 3.6
) (/usr/share/texlive/texmf-dist/tex/latex/float/float.sty
Package: float 2001/11/08 v1.3d Float enhancements (AL)
\c@float@type=\count292
\float@exts=\toks32
\float@box=\box51
\@float@everytoks=\toks33
\@floatcapt=\box52
) (/usr/share/texlive/texmf-dist/tex/latex/colortbl/colortbl.sty
Package: colortbl 2012/02/13 v1.0a Color table columns (DPC)
\everycr=\toks34
\minrowclearance=\skip70
) (/usr/share/texlive/texmf-dist/tex/latex/oberdiek/pdflscape.sty
Package: pdflscape 2016/05/14 v0.11 Display of landscape pages in PDF (HO)
(/usr/share/texlive/texmf-dist/tex/latex/graphics/lscape.sty
Package: lscape 2000/10/22 v3.01 Landscape Pages (DPC)
)
Package pdflscape Info: Auto-detected driver: dvipdfm (xetex) on input line 99.

) (/usr/share/texlive/texmf-dist/tex/latex/tabu/tabu.sty
Package: tabu 2011/02/26 v2.8 - flexible LaTeX tabulars (FC)
(/usr/share/texlive/texmf-dist/tex/latex/varwidth/varwidth.sty
Package: varwidth 2009/03/30 ver 0.92;  Variable-width minipages
\@vwid@box=\box53
\sift@deathcycles=\count293
\@vwid@loff=\dimen176
\@vwid@roff=\dimen177
)
\c@taburow=\count294
\tabu@nbcols=\count295
\tabu@cnt=\count296
\tabu@Xcol=\count297
\tabu@alloc=\count298
\tabu@nested=\count299
\tabu@target=\dimen178
\tabu@spreadtarget=\dimen179
\tabu@naturalX=\dimen180
\tabucolX=\dimen181
\tabu@Xsum=\dimen182
\extrarowdepth=\dimen183
\abovetabulinesep=\dimen184
\belowtabulinesep=\dimen185
\tabustrutrule=\dimen186
\tabu@thebody=\toks35
\tabu@footnotes=\toks36
\tabu@box=\box54
\tabu@arstrutbox=\box55
\tabu@hleads=\box56
\tabu@vleads=\box57
\tabu@cellskip=\skip71
) (/usr/share/texlive/texmf-dist/tex/latex/threeparttable/threeparttable.sty
Package: threeparttable 2003/06/13  v 3.0
\@tempboxb=\box58
) (/usr/share/texlive/texmf-dist/tex/latex/threeparttablex/threeparttablex.sty
Package: threeparttablex 2013/07/23 v0.3 by daleif
(/usr/share/texlive/texmf-dist/tex/latex/environ/environ.sty
Package: environ 2014/05/04 v0.3 A new way to define environments
(/usr/share/texlive/texmf-dist/tex/latex/trimspaces/trimspaces.sty
Package: trimspaces 2009/09/17 v1.1 Trim spaces around a token list
))
\TPTL@width=\skip72
) (/usr/share/texlive/texmf-dist/tex/generic/ulem/ulem.sty
\UL@box=\box59
\UL@hyphenbox=\box60
\UL@skip=\skip73
\UL@hook=\toks37
\UL@height=\dimen187
\UL@pe=\count300
\UL@pixel=\dimen188
\ULC@box=\box61
Package: ulem 2012/05/18
\ULdepth=\dimen189
) (/usr/share/texlive/texmf-dist/tex/latex/makecell/makecell.sty
Package: makecell 2009/08/03 V0.1e Managing of Tab Column Heads and Cells
\rotheadsize=\dimen190
\c@nlinenum=\count301
\TeXr@lab=\toks38
) (/usr/share/texlive/texmf-dist/tex/latex/xcolor/xcolor.sty
Package: xcolor 2016/05/11 v2.12 LaTeX color extensions (UK)
(/usr/share/texlive/texmf-dist/tex/latex/graphics-cfg/color.cfg
File: color.cfg 2016/01/02 v1.6 sample color configuration
)
Package xcolor Info: Driver file: xetex.def on input line 225.
LaTeX Info: Redefining \color on input line 709.
Package xcolor Info: Model `cmy' substituted by `cmy0' on input line 1348.
Package xcolor Info: Model `RGB' extended on input line 1364.
Package xcolor Info: Model `HTML' substituted by `rgb' on input line 1366.
Package xcolor Info: Model `Hsb' substituted by `hsb' on input line 1367.
Package xcolor Info: Model `tHsb' substituted by `hsb' on input line 1368.
Package xcolor Info: Model `HSB' substituted by `hsb' on input line 1369.
Package xcolor Info: Model `Gray' substituted by `gray' on input line 1370.
Package xcolor Info: Model `wave' substituted by `hsb' on input line 1371.
) (./Introduccion_Datos.aux)
\openout1 = `Introduccion_Datos.aux'.

LaTeX Font Info:    Checking defaults for OML/cmm/m/it on input line 158.
LaTeX Font Info:    ... okay on input line 158.
LaTeX Font Info:    Checking defaults for T1/cmr/m/n on input line 158.
LaTeX Font Info:    ... okay on input line 158.
LaTeX Font Info:    Checking defaults for OT1/cmr/m/n on input line 158.
LaTeX Font Info:    ... okay on input line 158.
LaTeX Font Info:    Checking defaults for OMS/cmsy/m/n on input line 158.
LaTeX Font Info:    ... okay on input line 158.
LaTeX Font Info:    Checking defaults for TU/lmr/m/n on input line 158.
LaTeX Font Info:    ... okay on input line 158.
LaTeX Font Info:    Checking defaults for OMX/cmex/m/n on input line 158.
LaTeX Font Info:    ... okay on input line 158.
LaTeX Font Info:    Checking defaults for U/cmr/m/n on input line 158.
LaTeX Font Info:    ... okay on input line 158.
LaTeX Font Info:    Checking defaults for TS1/cmr/m/n on input line 158.
LaTeX Font Info:    Try loading font information for TS1+cmr on input line 158.

(/usr/share/texlive/texmf-dist/tex/latex/base/ts1cmr.fd
File: ts1cmr.fd 2014/09/29 v2.5h Standard LaTeX font definitions
)
LaTeX Font Info:    ... okay on input line 158.
LaTeX Font Info:    Checking defaults for PD1/pdf/m/n on input line 158.
LaTeX Font Info:    ... okay on input line 158.
LaTeX Font Info:    Checking defaults for PU/pdf/m/n on input line 158.
LaTeX Font Info:    ... okay on input line 158.
LaTeX Info: Redefining \microtypecontext on input line 158.
Package microtype Info: Character protrusion enabled (level 2).
Package microtype Info: Using protrusion set `basicmath'.
Package microtype Info: No adjustment of tracking.
Package microtype Info: No adjustment of spacing.
Package microtype Info: No adjustment of kerning.
(/usr/share/texlive/texmf-dist/tex/latex/microtype/mt-LatinModernRoman.cfg
File: mt-LatinModernRoman.cfg 2013/03/13 v1.0 microtype config. file: Latin Mod
ern Roman (RS)
)
\AtBeginShipoutBox=\box62
Package hyperref Info: Link coloring OFF on input line 158.
(/usr/share/texlive/texmf-dist/tex/latex/hyperref/nameref.sty
Package: nameref 2016/05/21 v2.44 Cross-referencing by name of section
(/usr/share/texlive/texmf-dist/tex/generic/oberdiek/gettitlestring.sty
Package: gettitlestring 2016/05/16 v1.5 Cleanup title references (HO)
)
\c@section@level=\count302
)
LaTeX Info: Redefining \ref on input line 158.
LaTeX Info: Redefining \pageref on input line 158.
LaTeX Info: Redefining \nameref on input line 158.
(./Introduccion_Datos.out) (./Introduccion_Datos.out)
\@outlinefile=\write4
\openout4 = `Introduccion_Datos.out'.

[1


] [2

] (./Introduccion_Datos.toc
LaTeX Font Info:    Try loading font information for OT1+lmr on input line 4.
(/usr/share/texmf/tex/latex/lm/ot1lmr.fd
File: ot1lmr.fd 2009/10/30 v1.6 Font defs for Latin Modern
)
Package microtype Info: Loading generic protrusion settings for font family
(microtype)             `lmr' (encoding: OT1).
(microtype)             For optimal results, create family-specific settings.
(microtype)             See the microtype manual for details.
LaTeX Font Info:    Try loading font information for OML+lmm on input line 4.
(/usr/share/texmf/tex/latex/lm/omllmm.fd
File: omllmm.fd 2009/10/30 v1.6 Font defs for Latin Modern
)
LaTeX Font Info:    Try loading font information for OMS+lmsy on input line 4.
(/usr/share/texmf/tex/latex/lm/omslmsy.fd
File: omslmsy.fd 2009/10/30 v1.6 Font defs for Latin Modern
)
LaTeX Font Info:    Try loading font information for OMX+lmex on input line 4.
(/usr/share/texmf/tex/latex/lm/omxlmex.fd
File: omxlmex.fd 2009/10/30 v1.6 Font defs for Latin Modern
)
LaTeX Font Info:    External font `lmex10' loaded for size
(Font)              <10> on input line 4.
LaTeX Font Info:    External font `lmex10' loaded for size
(Font)              <7> on input line 4.
LaTeX Font Info:    External font `lmex10' loaded for size
(Font)              <5> on input line 4.
LaTeX Font Info:    Try loading font information for U+msa on input line 4.
(/usr/share/texlive/texmf-dist/tex/latex/amsfonts/umsa.fd
File: umsa.fd 2013/01/14 v3.01 AMS symbols A
) (/usr/share/texlive/texmf-dist/tex/latex/microtype/mt-msa.cfg
File: mt-msa.cfg 2006/02/04 v1.1 microtype config. file: AMS symbols (a) (RS)
)
LaTeX Font Info:    Try loading font information for U+msb on input line 4.
(/usr/share/texlive/texmf-dist/tex/latex/amsfonts/umsb.fd
File: umsb.fd 2013/01/14 v3.01 AMS symbols B
) (/usr/share/texlive/texmf-dist/tex/latex/microtype/mt-msb.cfg
File: mt-msb.cfg 2005/06/01 v1.0 microtype config. file: AMS symbols (b) (RS)
) [3])
\tf@toc=\write5
\openout5 = `Introduccion_Datos.toc'.

[4] [5

] [6]
Capítulo 1.

Underfull \vbox (badness 6808) has occurred while \output is active []

[7

] [8]
Capítulo 2.

Package xcolor Warning: Incompatible color definition on input line 254.

LaTeX Font Info:    Font shape `TU/lmtt/bx/n' in size <10> not available
(Font)              Font shape `TU/lmtt/b/n' tried instead on input line 257.

Package xcolor Warning: Incompatible color definition on input line 259.


Package xcolor Warning: Incompatible color definition on input line 259.


Package xcolor Warning: Incompatible color definition on input line 265.


Package xcolor Warning: Incompatible color definition on input line 269.


Package xcolor Warning: Incompatible color definition on input line 269.


Package xcolor Warning: Incompatible color definition on input line 275.


Package xcolor Warning: Incompatible color definition on input line 280.


Package xcolor Warning: Incompatible color definition on input line 280.

[9

]

Package xcolor Warning: Incompatible color definition on input line 319.


Package xcolor Warning: Incompatible color definition on input line 326.


Package xcolor Warning: Incompatible color definition on input line 326.


Package xcolor Warning: Incompatible color definition on input line 356.


Package xcolor Warning: Incompatible color definition on input line 361.


Package xcolor Warning: Incompatible color definition on input line 361.


Package xcolor Warning: Incompatible color definition on input line 367.


Package xcolor Warning: Incompatible color definition on input line 371.


Package xcolor Warning: Incompatible color definition on input line 371.


Package xcolor Warning: Incompatible color definition on input line 377.

[10]

Package xcolor Warning: Incompatible color definition on input line 382.


Package xcolor Warning: Incompatible color definition on input line 382.


Package xcolor Warning: Incompatible color definition on input line 388.


Package xcolor Warning: Incompatible color definition on input line 393.


Package xcolor Warning: Incompatible color definition on input line 393.


Package xcolor Warning: Incompatible color definition on input line 399.


Package xcolor Warning: Incompatible color definition on input line 404.


Package xcolor Warning: Incompatible color definition on input line 404.


Package xcolor Warning: Incompatible color definition on input line 413.


Package xcolor Warning: Incompatible color definition on input line 418.


Package xcolor Warning: Incompatible color definition on input line 418.


Package xcolor Warning: Incompatible color definition on input line 424.


Package xcolor Warning: Incompatible color definition on input line 428.


Package xcolor Warning: Incompatible color definition on input line 428.


Package xcolor Warning: Incompatible color definition on input line 437.


Package xcolor Warning: Incompatible color definition on input line 442.


Package xcolor Warning: Incompatible color definition on input line 442.


Package xcolor Warning: Incompatible color definition on input line 448.


Package xcolor Warning: Incompatible color definition on input line 453.


Package xcolor Warning: Incompatible color definition on input line 453.


Package xcolor Warning: Incompatible color definition on input line 464.


Package xcolor Warning: Incompatible color definition on input line 469.


Package xcolor Warning: Incompatible color definition on input line 469.


Package xcolor Warning: Incompatible color definition on input line 476.


Package xcolor Warning: Incompatible color definition on input line 483.


Package xcolor Warning: Incompatible color definition on input line 483.


Overfull \vbox (0.91832pt too high) detected at line 483
 []


Package xcolor Warning: Incompatible color definition on input line 483.

[11]

Package xcolor Warning: Incompatible color definition on input line 483.


Package xcolor Warning: Incompatible color definition on input line 483.


Package xcolor Warning: Incompatible color definition on input line 497.


Package xcolor Warning: Incompatible color definition on input line 503.


Package xcolor Warning: Incompatible color definition on input line 503.

[12]
Capítulo 3.

Package xcolor Warning: Incompatible color definition on input line 513.


Package xcolor Warning: Incompatible color definition on input line 523.


Package xcolor Warning: Incompatible color definition on input line 523.


Package xcolor Warning: Incompatible color definition on input line 528.


Package xcolor Warning: Incompatible color definition on input line 535.


Package xcolor Warning: Incompatible color definition on input line 535.


Package xcolor Warning: Incompatible color definition on input line 547.

[13

]

Package xcolor Warning: Incompatible color definition on input line 552.


Package xcolor Warning: Incompatible color definition on input line 552.


Package xcolor Warning: Incompatible color definition on input line 576.


Package xcolor Warning: Incompatible color definition on input line 581.


Package xcolor Warning: Incompatible color definition on input line 581.


Package xcolor Warning: Incompatible color definition on input line 590.


Package xcolor Warning: Incompatible color definition on input line 594.


Package xcolor Warning: Incompatible color definition on input line 594.


Package xcolor Warning: Incompatible color definition on input line 611.

[14]

Package xcolor Warning: Incompatible color definition on input line 617.


Package xcolor Warning: Incompatible color definition on input line 617.

[15] [16

]
Capítulo 4.

Package xcolor Warning: Incompatible color definition on input line 661.


Package xcolor Warning: Incompatible color definition on input line 669.


Package xcolor Warning: Incompatible color definition on input line 669.


Package xcolor Warning: Incompatible color definition on input line 683.

[17]

Package xcolor Warning: Incompatible color definition on input line 692.


Package xcolor Warning: Incompatible color definition on input line 692.


Overfull \hbox (59.25pt too wide) in paragraph at lines 702--702
[]\TU/lmtt/m/n/10 ##   provincia_id                  provincia_desc      año co
nsultas_cantidad[] 
 []


Overfull \hbox (59.25pt too wide) in paragraph at lines 702--702
[]\TU/lmtt/m/n/10 ## 1            2 Ciudad Autonoma de Buenos Aires año_2003   
          559785[] 
 []


Overfull \hbox (59.25pt too wide) in paragraph at lines 702--702
[]\TU/lmtt/m/n/10 ## 2            6                    Buenos Aires año_2003   
         9544395[] 
 []


Overfull \hbox (59.25pt too wide) in paragraph at lines 702--702
[]\TU/lmtt/m/n/10 ## 3           10                       Catamarca año_2003   
          372199[] 
 []


Overfull \hbox (59.25pt too wide) in paragraph at lines 702--702
[]\TU/lmtt/m/n/10 ## 4           14                         Cordoba año_2003   
         3491961[] 
 []


Overfull \hbox (59.25pt too wide) in paragraph at lines 702--702
[]\TU/lmtt/m/n/10 ## 5           18                      Corrientes año_2003   
          764887[] 
 []


Overfull \hbox (59.25pt too wide) in paragraph at lines 702--702
[]\TU/lmtt/m/n/10 ## 6           22                           Chaco año_2003   
         1476825[] 
 []


Package xcolor Warning: Incompatible color definition on input line 704.


Package xcolor Warning: Incompatible color definition on input line 709.


Package xcolor Warning: Incompatible color definition on input line 709.


Package xcolor Warning: Incompatible color definition on input line 715.


Package xcolor Warning: Incompatible color definition on input line 724.


Package xcolor Warning: Incompatible color definition on input line 724.

[18]
Capítulo 5.

Package xcolor Warning: Incompatible color definition on input line 748.


Package xcolor Warning: Incompatible color definition on input line 754.


Package xcolor Warning: Incompatible color definition on input line 754.


Package xcolor Warning: Incompatible color definition on input line 760.


Package xcolor Warning: Incompatible color definition on input line 765.


Package xcolor Warning: Incompatible color definition on input line 765.


Package xcolor Warning: Incompatible color definition on input line 771.


Package xcolor Warning: Incompatible color definition on input line 775.


Package xcolor Warning: Incompatible color definition on input line 775.


Package xcolor Warning: Incompatible color definition on input line 784.


Package xcolor Warning: Incompatible color definition on input line 789.


Package xcolor Warning: Incompatible color definition on input line 789.


Package xcolor Warning: Incompatible color definition on input line 796.

[19

]

Package xcolor Warning: Incompatible color definition on input line 800.


Package xcolor Warning: Incompatible color definition on input line 800.


Package xcolor Warning: Incompatible color definition on input line 810.


Package xcolor Warning: Incompatible color definition on input line 815.


Package xcolor Warning: Incompatible color definition on input line 815.


Package xcolor Warning: Incompatible color definition on input line 822.


Package xcolor Warning: Incompatible color definition on input line 826.


Package xcolor Warning: Incompatible color definition on input line 826.


Package xcolor Warning: Incompatible color definition on input line 835.


Package xcolor Warning: Incompatible color definition on input line 842.


Package xcolor Warning: Incompatible color definition on input line 842.


Package xcolor Warning: Incompatible color definition on input line 848.


Package xcolor Warning: Incompatible color definition on input line 852.


Package xcolor Warning: Incompatible color definition on input line 852.


Package xcolor Warning: Incompatible color definition on input line 862.


Package xcolor Warning: Incompatible color definition on input line 874.


Package xcolor Warning: Incompatible color definition on input line 874.

[20]

Package xcolor Warning: Incompatible color definition on input line 881.


Package xcolor Warning: Incompatible color definition on input line 885.


Package xcolor Warning: Incompatible color definition on input line 885.


Package xcolor Warning: Incompatible color definition on input line 892.


Package xcolor Warning: Incompatible color definition on input line 897.


Package xcolor Warning: Incompatible color definition on input line 897.


Package xcolor Warning: Incompatible color definition on input line 903.


Package xcolor Warning: Incompatible color definition on input line 907.


Package xcolor Warning: Incompatible color definition on input line 907.


Package xcolor Warning: Incompatible color definition on input line 913.


Package xcolor Warning: Incompatible color definition on input line 917.


Package xcolor Warning: Incompatible color definition on input line 917.


Package xcolor Warning: Incompatible color definition on input line 925.


Package xcolor Warning: Incompatible color definition on input line 930.


Package xcolor Warning: Incompatible color definition on input line 930.


Package xcolor Warning: Incompatible color definition on input line 939.


Package xcolor Warning: Incompatible color definition on input line 943.


Package xcolor Warning: Incompatible color definition on input line 943.


Package xcolor Warning: Incompatible color definition on input line 950.


Package xcolor Warning: Incompatible color definition on input line 954.


Package xcolor Warning: Incompatible color definition on input line 954.


Package xcolor Warning: Incompatible color definition on input line 961.


Package xcolor Warning: Incompatible color definition on input line 965.


Package xcolor Warning: Incompatible color definition on input line 965.


Package xcolor Warning: Incompatible color definition on input line 972.


Package xcolor Warning: Incompatible color definition on input line 976.


Package xcolor Warning: Incompatible color definition on input line 976.


Package xcolor Warning: Incompatible color definition on input line 983.

[21]

Package xcolor Warning: Incompatible color definition on input line 987.


Package xcolor Warning: Incompatible color definition on input line 987.


Package xcolor Warning: Incompatible color definition on input line 999.


Package xcolor Warning: Incompatible color definition on input line 1005.


Package xcolor Warning: Incompatible color definition on input line 1005.


Package xcolor Warning: Incompatible color definition on input line 1011.


Package xcolor Warning: Incompatible color definition on input line 1015.


Package xcolor Warning: Incompatible color definition on input line 1015.


Package xcolor Warning: Incompatible color definition on input line 1021.


Package xcolor Warning: Incompatible color definition on input line 1025.


Package xcolor Warning: Incompatible color definition on input line 1025.


Overfull \hbox (38.25pt too wide) in paragraph at lines 1030--1030
[]\TU/lmtt/m/n/10 ##  [1] 0.06666667 0.14285714 0.23076923 0.33333333 0.4545454
5 0.60000000[] 
 []


Package xcolor Warning: Incompatible color definition on input line 1034.


Package xcolor Warning: Incompatible color definition on input line 1038.


Package xcolor Warning: Incompatible color definition on input line 1038.


Overfull \hbox (6.75pt too wide) in paragraph at lines 1042--1042
[]\TU/lmtt/m/n/10 ##  [1] FALSE FALSE FALSE FALSE FALSE FALSE FALSE  TRUE FALSE
 FALSE[] 
 []


Package xcolor Warning: Incompatible color definition on input line 1044.


Package xcolor Warning: Incompatible color definition on input line 1048.


Package xcolor Warning: Incompatible color definition on input line 1048.


Overfull \hbox (6.75pt too wide) in paragraph at lines 1052--1052
[]\TU/lmtt/m/n/10 ##  [1]  TRUE  TRUE  TRUE  TRUE  TRUE  TRUE  TRUE FALSE FALSE
 FALSE[] 
 []


Package xcolor Warning: Incompatible color definition on input line 1054.


Package xcolor Warning: Incompatible color definition on input line 1058.


Package xcolor Warning: Incompatible color definition on input line 1058.


Overfull \hbox (6.75pt too wide) in paragraph at lines 1062--1062
[]\TU/lmtt/m/n/10 ##  [1] FALSE FALSE FALSE FALSE FALSE FALSE FALSE FALSE  TRUE
  TRUE[] 
 []

[22]
Capítulo 6.

Package xcolor Warning: Incompatible color definition on input line 1086.


Package xcolor Warning: Incompatible color definition on input line 1096.


Package xcolor Warning: Incompatible color definition on input line 1096.


Package xcolor Warning: Incompatible color definition on input line 1102.


Package xcolor Warning: Incompatible color definition on input line 1108.


Package xcolor Warning: Incompatible color definition on input line 1108.

LaTeX Font Info:    Font shape `TU/lmtt/bx/n' in size <14.4> not available
(Font)              Font shape `TU/lmtt/b/n' tried instead on input line 1114.

Package xcolor Warning: Incompatible color definition on input line 1118.

[23

]

Package xcolor Warning: Incompatible color definition on input line 1128.


Package xcolor Warning: Incompatible color definition on input line 1128.


Package xcolor Warning: Incompatible color definition on input line 1142.


Package xcolor Warning: Incompatible color definition on input line 1158.


Package xcolor Warning: Incompatible color definition on input line 1158.


Package xcolor Warning: Incompatible color definition on input line 1176.


Underfull \vbox (badness 7649) has occurred while \output is active []

[24]

Package xcolor Warning: Incompatible color definition on input line 1184.


Package xcolor Warning: Incompatible color definition on input line 1184.


Package xcolor Warning: Incompatible color definition on input line 1199.


Package xcolor Warning: Incompatible color definition on input line 1205.


Package xcolor Warning: Incompatible color definition on input line 1205.

[25] [26

]
Capítulo 7.

Package xcolor Warning: Incompatible color definition on input line 1227.


Package xcolor Warning: Incompatible color definition on input line 1235.


Package xcolor Warning: Incompatible color definition on input line 1235.


Package xcolor Warning: Incompatible color definition on input line 1241.


Package xcolor Warning: Incompatible color definition on input line 1250.


Package xcolor Warning: Incompatible color definition on input line 1250.


Package xcolor Warning: Incompatible color definition on input line 1256.


Package xcolor Warning: Incompatible color definition on input line 1264.


Package xcolor Warning: Incompatible color definition on input line 1264.


Package xcolor Warning: Incompatible color definition on input line 1270.


Package xcolor Warning: Incompatible color definition on input line 1274.


Package xcolor Warning: Incompatible color definition on input line 1274.

[27] [28

] [29] [30]
Capítulo 8.

Underfull \hbox (badness 10000) in paragraph at lines 1291--1293

 []

[31

] [32]
Capítulo 9.

Underfull \hbox (badness 1067) in paragraph at lines 1338--1341
[]\TU/lmr/m/n/10 Base de Datos de consumo de sustancias psicoactivas. Indec Dis
ponible
 []


Underfull \hbox (badness 10000) in paragraph at lines 1338--1341
\TU/lmr/m/n/10 en: “[]$[][][][][] [] [] [] [][][] [] [][][][][] [] [][][] [] []
[] [] [][][] [] [][][][][][][] [] [][][][][][][][][][][][] [] [][][][][][][][][
] [] [][][][][] []
 []


Package xcolor Warning: Incompatible color definition on input line 1347.


Package xcolor Warning: Incompatible color definition on input line 1351.


Package xcolor Warning: Incompatible color definition on input line 1351.

[33

] [34]
Capítulo 10.

Package xcolor Warning: Incompatible color definition on input line 1393.


Package xcolor Warning: Incompatible color definition on input line 1401.


Package xcolor Warning: Incompatible color definition on input line 1401.


Package xcolor Warning: Incompatible color definition on input line 1407.


Package xcolor Warning: Incompatible color definition on input line 1429.


Package xcolor Warning: Incompatible color definition on input line 1429.


Package xcolor Warning: Incompatible color definition on input line 1429.

[35

]

Package xcolor Warning: Incompatible color definition on input line 1429.


Package xcolor Warning: Incompatible color definition on input line 1429.


Package xcolor Warning: Incompatible color definition on input line 1444.


Package xcolor Warning: Incompatible color definition on input line 1463.


Package xcolor Warning: Incompatible color definition on input line 1463.

[36]

Package xcolor Warning: Incompatible color definition on input line 1472.


Package xcolor Warning: Incompatible color definition on input line 1481.


Package xcolor Warning: Incompatible color definition on input line 1481.


Package xcolor Warning: Incompatible color definition on input line 1494.


Package xcolor Warning: Incompatible color definition on input line 1502.


Package xcolor Warning: Incompatible color definition on input line 1502.


Package xcolor Warning: Incompatible color definition on input line 1508.


Package xcolor Warning: Incompatible color definition on input line 1521.


Package xcolor Warning: Incompatible color definition on input line 1521.

[37] [38

]
Capítulo 11.

Package xcolor Warning: Incompatible color definition on input line 1543.


Package xcolor Warning: Incompatible color definition on input line 1551.


Package xcolor Warning: Incompatible color definition on input line 1551.

File: Introduccion_Datos_files/figure-latex/unnamed-chunk-35-1.pdf Graphic file
 (type pdf)
<use Introduccion_Datos_files/figure-latex/unnamed-chunk-35-1.pdf>

Underfull \vbox (badness 10000) has occurred while \output is active []

[39]

Package xcolor Warning: Incompatible color definition on input line 1557.


Package xcolor Warning: Incompatible color definition on input line 1565.


Package xcolor Warning: Incompatible color definition on input line 1565.

File: Introduccion_Datos_files/figure-latex/unnamed-chunk-36-1.pdf Graphic file
 (type pdf)
<use Introduccion_Datos_files/figure-latex/unnamed-chunk-36-1.pdf>

Package xcolor Warning: Incompatible color definition on input line 1569.

[40]

Package xcolor Warning: Incompatible color definition on input line 1575.


Package xcolor Warning: Incompatible color definition on input line 1575.

File: Introduccion_Datos_files/figure-latex/unnamed-chunk-36-2.pdf Graphic file
 (type pdf)
<use Introduccion_Datos_files/figure-latex/unnamed-chunk-36-2.pdf>

Package xcolor Warning: Incompatible color definition on input line 1579.


Package xcolor Warning: Incompatible color definition on input line 1594.


Package xcolor Warning: Incompatible color definition on input line 1594.

File: Introduccion_Datos_files/figure-latex/unnamed-chunk-36-3.pdf Graphic file
 (type pdf)
<use Introduccion_Datos_files/figure-latex/unnamed-chunk-36-3.pdf>

Underfull \vbox (badness 10000) has occurred while \output is active []

[41]

Package xcolor Warning: Incompatible color definition on input line 1604.


Package xcolor Warning: Incompatible color definition on input line 1622.


Package xcolor Warning: Incompatible color definition on input line 1622.

File: Introduccion_Datos_files/figure-latex/unnamed-chunk-37-1.pdf Graphic file
 (type pdf)
<use Introduccion_Datos_files/figure-latex/unnamed-chunk-37-1.pdf>

Underfull \vbox (badness 10000) has occurred while \output is active []

[42]

Package xcolor Warning: Incompatible color definition on input line 1637.


Package xcolor Warning: Incompatible color definition on input line 1651.


Package xcolor Warning: Incompatible color definition on input line 1651.

File: Introduccion_Datos_files/figure-latex/unnamed-chunk-38-1.pdf Graphic file
 (type pdf)
<use Introduccion_Datos_files/figure-latex/unnamed-chunk-38-1.pdf>

Underfull \vbox (badness 10000) has occurred while \output is active []

[43]

Package xcolor Warning: Incompatible color definition on input line 1657.


Package xcolor Warning: Incompatible color definition on input line 1674.


Package xcolor Warning: Incompatible color definition on input line 1674.

File: Introduccion_Datos_files/figure-latex/unnamed-chunk-39-1.pdf Graphic file
 (type pdf)
<use Introduccion_Datos_files/figure-latex/unnamed-chunk-39-1.pdf>

Underfull \vbox (badness 10000) has occurred while \output is active []

[44]

Package xcolor Warning: Incompatible color definition on input line 1685.


Package xcolor Warning: Incompatible color definition on input line 1700.


Package xcolor Warning: Incompatible color definition on input line 1700.

File: Introduccion_Datos_files/figure-latex/unnamed-chunk-40-1.pdf Graphic file
 (type pdf)
<use Introduccion_Datos_files/figure-latex/unnamed-chunk-40-1.pdf>

Package xcolor Warning: Incompatible color definition on input line 1704.


Package xcolor Warning: Incompatible color definition on input line 1712.


Package xcolor Warning: Incompatible color definition on input line 1712.

File: Introduccion_Datos_files/figure-latex/unnamed-chunk-40-2.pdf Graphic file
 (type pdf)
<use Introduccion_Datos_files/figure-latex/unnamed-chunk-40-2.pdf>

Underfull \vbox (badness 10000) has occurred while \output is active []

[45] [46]
Capítulo 12.

Package xcolor Warning: Incompatible color definition on input line 1733.


Package xcolor Warning: Incompatible color definition on input line 1744.


Package xcolor Warning: Incompatible color definition on input line 1744.


Package xcolor Warning: Incompatible color definition on input line 1760.

[47

]

Package xcolor Warning: Incompatible color definition on input line 1779.


Package xcolor Warning: Incompatible color definition on input line 1779.


Overfull \hbox (43.5pt too wide) in paragraph at lines 1789--1789
[]\TU/lmtt/m/n/10 ##     Casi todos los días  3 0 4 días a la semana  1 o 2 día
s a la semana[] 
 []


Overfull \hbox (43.5pt too wide) in paragraph at lines 1789--1789
[]\TU/lmtt/m/n/10 ##                     259                     119           
          267[] 
 []


Overfull \hbox (43.5pt too wide) in paragraph at lines 1789--1789
[]\TU/lmtt/m/n/10 ##    De 1 a 3 días al mes Menos de una vez al mes           
 Una sola vez[] 
 []


Overfull \hbox (43.5pt too wide) in paragraph at lines 1789--1789
[]\TU/lmtt/m/n/10 ##                     248                     485           
         1120[] 
 []


Package xcolor Warning: Incompatible color definition on input line 1791.


Package xcolor Warning: Incompatible color definition on input line 1796.


Package xcolor Warning: Incompatible color definition on input line 1796.


Package xcolor Warning: Incompatible color definition on input line 1810.


Package xcolor Warning: Incompatible color definition on input line 1836.


Package xcolor Warning: Incompatible color definition on input line 1836.


Package xcolor Warning: Incompatible color definition on input line 1836.

[48]

Package xcolor Warning: Incompatible color definition on input line 1836.


Package xcolor Warning: Incompatible color definition on input line 1836.


Overfull \hbox (43.5pt too wide) in paragraph at lines 1843--1843
[]\TU/lmtt/m/n/10 ##            Una sola vez Menos de una vez al mes    De 1 a 
3 días al mes[] 
 []


Overfull \hbox (43.5pt too wide) in paragraph at lines 1843--1843
[]\TU/lmtt/m/n/10 ##               0.4483587               0.6425140           
    0.7417934[] 
 []


Overfull \hbox (43.5pt too wide) in paragraph at lines 1843--1843
[]\TU/lmtt/m/n/10 ##  1 o 2 días a la semana  3 o 4 días a la semana     Casi t
odos los días[] 
 []


Overfull \hbox (43.5pt too wide) in paragraph at lines 1843--1843
[]\TU/lmtt/m/n/10 ##               0.8486789               0.8963171           
    1.0000000[] 
 []


Package xcolor Warning: Incompatible color definition on input line 1862.


Package xcolor Warning: Incompatible color definition on input line 1873.


Package xcolor Warning: Incompatible color definition on input line 1873.


Package xcolor Warning: Incompatible color definition on input line 1873.

[49]

Package xcolor Warning: Incompatible color definition on input line 1873.


Package xcolor Warning: Incompatible color definition on input line 1873.


Package xcolor Warning: Incompatible color definition on input line 1880.


Package xcolor Warning: Incompatible color definition on input line 1884.


Package xcolor Warning: Incompatible color definition on input line 1884.


Package xcolor Warning: Incompatible color definition on input line 1891.


Package xcolor Warning: Incompatible color definition on input line 1895.


Package xcolor Warning: Incompatible color definition on input line 1895.


Package xcolor Warning: Incompatible color definition on input line 1902.


Package xcolor Warning: Incompatible color definition on input line 1907.


Package xcolor Warning: Incompatible color definition on input line 1907.


Package xcolor Warning: Incompatible color definition on input line 1914.


Package xcolor Warning: Incompatible color definition on input line 1918.


Package xcolor Warning: Incompatible color definition on input line 1918.


Package xcolor Warning: Incompatible color definition on input line 1925.


Package xcolor Warning: Incompatible color definition on input line 1929.


Package xcolor Warning: Incompatible color definition on input line 1929.


Package xcolor Warning: Incompatible color definition on input line 1946.


Package xcolor Warning: Incompatible color definition on input line 1952.


Package xcolor Warning: Incompatible color definition on input line 1952.


Package xcolor Warning: Incompatible color definition on input line 1958.

[50]

Package xcolor Warning: Incompatible color definition on input line 1963.


Package xcolor Warning: Incompatible color definition on input line 1963.

File: Introduccion_Datos_files/figure-latex/unnamed-chunk-46-1.pdf Graphic file
 (type pdf)
<use Introduccion_Datos_files/figure-latex/unnamed-chunk-46-1.pdf>

Package xcolor Warning: Incompatible color definition on input line 1967.


Package xcolor Warning: Incompatible color definition on input line 1972.


Package xcolor Warning: Incompatible color definition on input line 1972.


Package xcolor Warning: Incompatible color definition on input line 1978.


Package xcolor Warning: Incompatible color definition on input line 1982.


Package xcolor Warning: Incompatible color definition on input line 1982.


Package xcolor Warning: Incompatible color definition on input line 1988.


Package xcolor Warning: Incompatible color definition on input line 1992.


Package xcolor Warning: Incompatible color definition on input line 1992.

[51]

Package xcolor Warning: Incompatible color definition on input line 2012.


Package xcolor Warning: Incompatible color definition on input line 2018.


Package xcolor Warning: Incompatible color definition on input line 2018.


Package xcolor Warning: Incompatible color definition on input line 2024.


Package xcolor Warning: Incompatible color definition on input line 2030.


Package xcolor Warning: Incompatible color definition on input line 2030.


Package xcolor Warning: Incompatible color definition on input line 2044.


Package xcolor Warning: Incompatible color definition on input line 2060.


Package xcolor Warning: Incompatible color definition on input line 2060.


Package xcolor Warning: Incompatible color definition on input line 2067.


Package xcolor Warning: Incompatible color definition on input line 2071.


Package xcolor Warning: Incompatible color definition on input line 2071.


Package xcolor Warning: Incompatible color definition on input line 2078.


Package xcolor Warning: Incompatible color definition on input line 2082.


Package xcolor Warning: Incompatible color definition on input line 2082.

[52]

Package xcolor Warning: Incompatible color definition on input line 2089.


Package xcolor Warning: Incompatible color definition on input line 2094.


Package xcolor Warning: Incompatible color definition on input line 2094.


Package xcolor Warning: Incompatible color definition on input line 2101.


Package xcolor Warning: Incompatible color definition on input line 2105.


Package xcolor Warning: Incompatible color definition on input line 2105.


Package xcolor Warning: Incompatible color definition on input line 2112.


Package xcolor Warning: Incompatible color definition on input line 2116.


Package xcolor Warning: Incompatible color definition on input line 2116.


Package xcolor Warning: Incompatible color definition on input line 2141.


Package xcolor Warning: Incompatible color definition on input line 2153.


Package xcolor Warning: Incompatible color definition on input line 2153.


Package xcolor Warning: Incompatible color definition on input line 2159.


Package xcolor Warning: Incompatible color definition on input line 2164.


Package xcolor Warning: Incompatible color definition on input line 2164.


Package xcolor Warning: Incompatible color definition on input line 2170.

[53]

Package xcolor Warning: Incompatible color definition on input line 2175.


Package xcolor Warning: Incompatible color definition on input line 2175.


Package xcolor Warning: Incompatible color definition on input line 2181.


Package xcolor Warning: Incompatible color definition on input line 2185.


Package xcolor Warning: Incompatible color definition on input line 2185.


Package xcolor Warning: Incompatible color definition on input line 2191.


Package xcolor Warning: Incompatible color definition on input line 2196.


Package xcolor Warning: Incompatible color definition on input line 2196.


Package xcolor Warning: Incompatible color definition on input line 2202.


Package xcolor Warning: Incompatible color definition on input line 2206.


Package xcolor Warning: Incompatible color definition on input line 2206.


Package xcolor Warning: Incompatible color definition on input line 2229.


Package xcolor Warning: Incompatible color definition on input line 2233.


Package xcolor Warning: Incompatible color definition on input line 2233.


Package xcolor Warning: Incompatible color definition on input line 2239.


Package xcolor Warning: Incompatible color definition on input line 2243.


Package xcolor Warning: Incompatible color definition on input line 2243.

[54]

Package xcolor Warning: Incompatible color definition on input line 2268.


Package xcolor Warning: Incompatible color definition on input line 2288.


Package xcolor Warning: Incompatible color definition on input line 2288.


Package xcolor Warning: Incompatible color definition on input line 2299.


Package xcolor Warning: Incompatible color definition on input line 2308.


Package xcolor Warning: Incompatible color definition on input line 2308.


Package xcolor Warning: Incompatible color definition on input line 2314.


Package xcolor Warning: Incompatible color definition on input line 2318.


Package xcolor Warning: Incompatible color definition on input line 2318.


Package xcolor Warning: Incompatible color definition on input line 2329.

[55]

Package xcolor Warning: Incompatible color definition on input line 2338.


Package xcolor Warning: Incompatible color definition on input line 2338.


Package xcolor Warning: Incompatible color definition on input line 2344.


Package xcolor Warning: Incompatible color definition on input line 2349.


Package xcolor Warning: Incompatible color definition on input line 2349.


Package xcolor Warning: Incompatible color definition on input line 2361.


Package xcolor Warning: Incompatible color definition on input line 2372.


Package xcolor Warning: Incompatible color definition on input line 2372.

File: Introduccion_Datos_files/figure-latex/unnamed-chunk-53-1.pdf Graphic file
 (type pdf)
<use Introduccion_Datos_files/figure-latex/unnamed-chunk-53-1.pdf>

Underfull \vbox (badness 10000) has occurred while \output is active []

[56]

Package xcolor Warning: Incompatible color definition on input line 2382.


Package xcolor Warning: Incompatible color definition on input line 2386.


Package xcolor Warning: Incompatible color definition on input line 2386.

File: ./img/1008px-Standard_symmetric_pdfs.png Graphic file (type bmp)
<./img/1008px-Standard_symmetric_pdfs.png>
[57]
File: Introduccion_Datos_files/figure-latex/unnamed-chunk-55-1.pdf Graphic file
 (type pdf)
<use Introduccion_Datos_files/figure-latex/unnamed-chunk-55-1.pdf>

Package xcolor Warning: Incompatible color definition on input line 2408.


Package xcolor Warning: Incompatible color definition on input line 2421.


Package xcolor Warning: Incompatible color definition on input line 2421.


Package xcolor Warning: Incompatible color definition on input line 2427.


Package xcolor Warning: Incompatible color definition on input line 2431.


Package xcolor Warning: Incompatible color definition on input line 2431.


Overfull \hbox (64.5pt too wide) in paragraph at lines 2435--2435
[]\TU/lmtt/m/n/10 ## [1] -1.61510952  1.49337797  1.92712041  0.04756984 -1.398
23830  1.20421634[] 
 []

[58] [59] [60

]
Capítulo 13.

Package xcolor Warning: Incompatible color definition on input line 2454.


Package xcolor Warning: Incompatible color definition on input line 2458.


Package xcolor Warning: Incompatible color definition on input line 2458.


Package xcolor Warning: Incompatible color definition on input line 2460.


Package xcolor Warning: Incompatible color definition on input line 2481.


Package xcolor Warning: Incompatible color definition on input line 2481.

File: Introduccion_Datos_files/figure-latex/unnamed-chunk-59-1.pdf Graphic file
 (type pdf)
<use Introduccion_Datos_files/figure-latex/unnamed-chunk-59-1.pdf>

Package xcolor Warning: Incompatible color definition on input line 2485.


Underfull \vbox (badness 10000) has occurred while \output is active []

[61]

Package xcolor Warning: Incompatible color definition on input line 2497.


Package xcolor Warning: Incompatible color definition on input line 2497.


Package xcolor Warning: Incompatible color definition on input line 2501.


Package xcolor Warning: Incompatible color definition on input line 2508.


Package xcolor Warning: Incompatible color definition on input line 2508.

File: Introduccion_Datos_files/figure-latex/unnamed-chunk-60-1.pdf Graphic file
 (type pdf)
<use Introduccion_Datos_files/figure-latex/unnamed-chunk-60-1.pdf>

Underfull \vbox (badness 10000) has occurred while \output is active []

[62] [63] [64

]
Capítulo 14.

Package xcolor Warning: Incompatible color definition on input line 2570.


Package xcolor Warning: Incompatible color definition on input line 2589.


Package xcolor Warning: Incompatible color definition on input line 2589.


Package xcolor Warning: Incompatible color definition on input line 2589.

[65]

Package xcolor Warning: Incompatible color definition on input line 2589.


Package xcolor Warning: Incompatible color definition on input line 2589.


Package xcolor Warning: Incompatible color definition on input line 2605.


Package xcolor Warning: Incompatible color definition on input line 2610.


Package xcolor Warning: Incompatible color definition on input line 2610.


Package xcolor Warning: Incompatible color definition on input line 2624.


Package xcolor Warning: Incompatible color definition on input line 2632.


Package xcolor Warning: Incompatible color definition on input line 2632.

[66]

Package xcolor Warning: Incompatible color definition on input line 2644.


Package xcolor Warning: Incompatible color definition on input line 2652.


Package xcolor Warning: Incompatible color definition on input line 2652.


Package xcolor Warning: Incompatible color definition on input line 2664.


Package xcolor Warning: Incompatible color definition on input line 2672.


Package xcolor Warning: Incompatible color definition on input line 2672.


Underfull \vbox (badness 10000) has occurred while \output is active []

[67]

Package xcolor Warning: Incompatible color definition on input line 2740.


Package xcolor Warning: Incompatible color definition on input line 2754.


Package xcolor Warning: Incompatible color definition on input line 2754.

[68]

Package xcolor Warning: Incompatible color definition on input line 2763.


Package xcolor Warning: Incompatible color definition on input line 2776.


Package xcolor Warning: Incompatible color definition on input line 2776.

LaTeX Font Info:    External font `lmex10' loaded for size
(Font)              <12> on input line 2783.
LaTeX Font Info:    External font `lmex10' loaded for size
(Font)              <8> on input line 2783.
LaTeX Font Info:    External font `lmex10' loaded for size
(Font)              <6> on input line 2783.

Package xcolor Warning: Incompatible color definition on input line 2785.


Package xcolor Warning: Incompatible color definition on input line 2810.


Package xcolor Warning: Incompatible color definition on input line 2810.

[69]

Package xcolor Warning: Incompatible color definition on input line 2821.


Package xcolor Warning: Incompatible color definition on input line 2825.


Package xcolor Warning: Incompatible color definition on input line 2825.


Package xcolor Warning: Incompatible color definition on input line 2836.


Package xcolor Warning: Incompatible color definition on input line 2840.


Package xcolor Warning: Incompatible color definition on input line 2840.

LaTeX Font Info:    External font `lmex10' loaded for size
(Font)              <14.4> on input line 2848.

Package xcolor Warning: Incompatible color definition on input line 2854.


Package xcolor Warning: Incompatible color definition on input line 2872.


Package xcolor Warning: Incompatible color definition on input line 2872.

[70]

Package xcolor Warning: Incompatible color definition on input line 2890.


Package xcolor Warning: Incompatible color definition on input line 2915.


Package xcolor Warning: Incompatible color definition on input line 2915.


Package xcolor Warning: Incompatible color definition on input line 2926.


Package xcolor Warning: Incompatible color definition on input line 2930.


Package xcolor Warning: Incompatible color definition on input line 2930.

[71]

Package xcolor Warning: Incompatible color definition on input line 2941.


Package xcolor Warning: Incompatible color definition on input line 2945.


Package xcolor Warning: Incompatible color definition on input line 2945.


Package xcolor Warning: Incompatible color definition on input line 2952.


Package xcolor Warning: Incompatible color definition on input line 2960.


Package xcolor Warning: Incompatible color definition on input line 2960.


Package xcolor Warning: Incompatible color definition on input line 2967.


Package xcolor Warning: Incompatible color definition on input line 2971.


Package xcolor Warning: Incompatible color definition on input line 2971.


Package xcolor Warning: Incompatible color definition on input line 2983.


Package xcolor Warning: Incompatible color definition on input line 2987.


Package xcolor Warning: Incompatible color definition on input line 2987.

(./Introduccion_Datos.bbl [72])
Package atveryend Info: Empty hook `BeforeClearDocument' on input line 2992.
[73

]
Package atveryend Info: Empty hook `AfterLastShipout' on input line 2992.
(./Introduccion_Datos.aux)
Package atveryend Info: Empty hook `AtVeryEndDocument' on input line 2992.
Package atveryend Info: Empty hook `AtEndAfterFileList' on input line 2992.
 ) 
Here is how much of TeX's memory you used:
 24633 strings out of 493007
 451556 string characters out of 6136720
 600024 words of memory out of 5000000
 28265 multiletter control sequences out of 15000+600000
 559190 words of font info for 78 fonts, out of 8000000 for 9000
 1348 hyphenation exceptions out of 8191
 45i,9n,54p,10459b,453s stack positions out of 5000i,500n,10000p,200000b,80000s

Output written on Introduccion_Datos.pdf (73 pages).
